<?xml version="1.0" encoding="UTF-8"?>
<testsuite xmlns:xsi="http://www.w3.org/2001/XMLSchema-instance" xsi:schemaLocation="https://maven.apache.org/surefire/maven-surefire-plugin/xsd/surefire-test-report.xsd" name="com.web.test.MainTest" time="7.016" tests="63" errors="0" skipped="0" failures="0">
  <properties>
    <property name="java.runtime.name" value="Java(TM) SE Runtime Environment"/>
    <property name="sun.boot.library.path" value="C:\Program Files (x86)\Java\jdk1.8.0_261\jre\bin"/>
    <property name="java.vm.version" value="25.261-b12"/>
    <property name="java.vm.vendor" value="Oracle Corporation"/>
    <property name="maven.multiModuleProjectDirectory" value="C:/Users/Panther/Desktop/ProjectOne"/>
    <property name="java.vendor.url" value="http://java.oracle.com/"/>
    <property name="path.separator" value=";"/>
    <property name="guice.disable.misplaced.annotation.check" value="true"/>
    <property name="java.vm.name" value="Java HotSpot(TM) Client VM"/>
    <property name="file.encoding.pkg" value="sun.io"/>
    <property name="user.script" value=""/>
    <property name="user.country" value="US"/>
    <property name="sun.java.launcher" value="SUN_STANDARD"/>
    <property name="sun.os.patch.level" value=""/>
    <property name="java.vm.specification.name" value="Java Virtual Machine Specification"/>
    <property name="user.dir" value="C:\Users\Panther\Desktop\ProjectOne"/>
    <property name="java.runtime.version" value="1.8.0_261-b12"/>
    <property name="java.awt.graphicsenv" value="sun.awt.Win32GraphicsEnvironment"/>
    <property name="java.endorsed.dirs" value="C:\Program Files (x86)\Java\jdk1.8.0_261\jre\lib\endorsed"/>
    <property name="os.arch" value="x86"/>
    <property name="java.io.tmpdir" value="C:\Users\Panther\AppData\Local\Temp\"/>
    <property name="line.separator" value="&#10;"/>
    <property name="java.vm.specification.vendor" value="Oracle Corporation"/>
    <property name="user.variant" value=""/>
    <property name="os.name" value="Windows 10"/>
    <property name="classworlds.conf" value="C:/Apache Maven/apache-maven-3.6.3/bin/m2.conf"/>
    <property name="sun.jnu.encoding" value="Cp1252"/>
    <property name="java.library.path" value="C:\Program Files (x86)\Java\jdk1.8.0_261\bin;C:\WINDOWS\Sun\Java\bin;C:\WINDOWS\system32;C:\WINDOWS;C:\Users\Panther\bin;C:\Program Files\Git\mingw64\bin;C:\Program Files\Git\usr\local\bin;C:\Program Files\Git\usr\bin;C:\Program Files\Git\usr\bin;C:\Program Files\Git\mingw64\bin;C:\Program Files\Git\usr\bin;C:\Users\Panther\bin;C:\IDE\sts-4.8.0.RELEASE\plugins\org.eclipse.justj.openjdk.hotspot.jre.full.win32.x86_64_14.0.2.v20200815-0932\jre\bin\server;C:\IDE\sts-4.8.0.RELEASE\plugins\org.eclipse.justj.openjdk.hotspot.jre.full.win32.x86_64_14.0.2.v20200815-0932\jre\bin;C:\Program Files (x86)\Java\jdk1.8.0_261\bin;C:\Program Files (x86)\Java\jdk1.8.0_261\bi;.;C:\Apache Maven\apache-maven-3.6.3\bin;C:\Program Files (x86)\Common Files\Oracle\Java\javapath;C:\Program Files\Common Files\Oracle\Java\javapath;C:\Program Files\Oculus\Support\oculus-runtime;C:\MinGW\bin;C:\MinGW\msys\1.0\bin;C:\WINDOWS\system32;C:\WINDOWS;C:\WINDOWS\System32\Wbem;C:\WINDOWS\System32\WindowsPowerShell\v1.0;C:\WINDOWS\System32\OpenSSH;C:\Program Files (x86)\PuTTY;C:\Program Files (x86)\Codebox\BitMeterOS;C:\Program Files (x86)\NVIDIA Corporation\PhysX\Common;C:\Program Files\Git\cmd;C:\Program Files\nodejs;C:\Program Files (x86)\Java\jdk1.8.0_261\bin;C:\Users\Panther\AppData\Local\Microsoft\WindowsApps;C:\Apache Maven\apache-maven-3.6.3\bin;C:\Users\Panther\AppData\Local\Programs\Microsoft VS Code\bin;C:\Users\Panther\AppData\Roaming\npm;C:\IDE\sts-4.8.0.RELEASE;C:\Program Files\Git\usr\bin\vendor_perl;C:\Program Files\Git\usr\bin\core_perl;."/>
    <property name="maven.conf" value="C:/Apache Maven/apache-maven-3.6.3/conf"/>
    <property name="java.specification.name" value="Java Platform API Specification"/>
    <property name="java.class.version" value="52.0"/>
    <property name="sun.management.compiler" value="HotSpot Client Compiler"/>
    <property name="os.version" value="10.0"/>
    <property name="library.jansi.path" value="C:/Apache Maven/apache-maven-3.6.3/lib/jansi-native"/>
    <property name="user.home" value="C:\Users\Panther"/>
    <property name="user.timezone" value="America/Los_Angeles"/>
    <property name="java.awt.printerjob" value="sun.awt.windows.WPrinterJob"/>
    <property name="java.specification.version" value="1.8"/>
    <property name="file.encoding" value="Cp1252"/>
    <property name="user.name" value="Panther"/>
    <property name="java.class.path" value="C:/Apache Maven/apache-maven-3.6.3/boot/plexus-classworlds-2.6.0.jar"/>
    <property name="java.vm.specification.version" value="1.8"/>
    <property name="sun.arch.data.model" value="32"/>
    <property name="java.home" value="C:\Program Files (x86)\Java\jdk1.8.0_261\jre"/>
    <property name="sun.java.command" value="org.codehaus.plexus.classworlds.launcher.Launcher test"/>
    <property name="java.specification.vendor" value="Oracle Corporation"/>
    <property name="user.language" value="en"/>
    <property name="awt.toolkit" value="sun.awt.windows.WToolkit"/>
    <property name="java.vm.info" value="mixed mode"/>
    <property name="java.version" value="1.8.0_261"/>
    <property name="java.ext.dirs" value="C:\Program Files (x86)\Java\jdk1.8.0_261\jre\lib\ext;C:\WINDOWS\Sun\Java\lib\ext"/>
    <property name="sun.boot.class.path" value="C:\Program Files (x86)\Java\jdk1.8.0_261\jre\lib\resources.jar;C:\Program Files (x86)\Java\jdk1.8.0_261\jre\lib\rt.jar;C:\Program Files (x86)\Java\jdk1.8.0_261\jre\lib\sunrsasign.jar;C:\Program Files (x86)\Java\jdk1.8.0_261\jre\lib\jsse.jar;C:\Program Files (x86)\Java\jdk1.8.0_261\jre\lib\jce.jar;C:\Program Files (x86)\Java\jdk1.8.0_261\jre\lib\charsets.jar;C:\Program Files (x86)\Java\jdk1.8.0_261\jre\lib\jfr.jar;C:\Program Files (x86)\Java\jdk1.8.0_261\jre\classes"/>
    <property name="sun.stderr.encoding" value="cp437"/>
    <property name="java.vendor" value="Oracle Corporation"/>
    <property name="maven.home" value="C:\Apache Maven\apache-maven-3.6.3"/>
    <property name="file.separator" value="\"/>
    <property name="java.vendor.url.bug" value="http://bugreport.sun.com/bugreport/"/>
    <property name="sun.cpu.endian" value="little"/>
    <property name="sun.io.unicode.encoding" value="UnicodeLittle"/>
    <property name="sun.stdout.encoding" value="cp437"/>
    <property name="sun.desktop" value="windows"/>
    <property name="sun.cpu.isalist" value="pentium_pro+mmx pentium_pro pentium+mmx pentium i486 i386 i86"/>
  </properties>
  <testcase name="testManagerSetUserId" classname="com.web.test.MainTest" time="0.059"/>
  <testcase name="testGetDeescription" classname="com.web.test.MainTest" time="0"/>
  <testcase name="testUserSetLastName" classname="com.web.test.MainTest" time="0"/>
  <testcase name="testUserDatabaseGetUsername" classname="com.web.test.MainTest" time="1.152"/>
  <testcase name="testUserDaoCreate" classname="com.web.test.MainTest" time="0"/>
  <testcase name="testUserDaoDelete" classname="com.web.test.MainTest" time="0"/>
  <testcase name="testGetAllReimbursements" classname="com.web.test.MainTest" time="0.293"/>
  <testcase name="testReimbDaoCreate" classname="com.web.test.MainTest" time="0"/>
  <testcase name="testReimbDaoDelete" classname="com.web.test.MainTest" time="0.001"/>
  <testcase name="testUserToString" classname="com.web.test.MainTest" time="0"/>
  <testcase name="testManagerControllerfindAll" classname="com.web.test.MainTest" time="0"/>
  <testcase name="testManagerSetUserRoleId" classname="com.web.test.MainTest" time="0"/>
  <testcase name="testManagerSetFirstName" classname="com.web.test.MainTest" time="0"/>
  <testcase name="testManagerControllerCreate" classname="com.web.test.MainTest" time="0"/>
  <testcase name="testManagerControllerDelete" classname="com.web.test.MainTest" time="0.001"/>
  <testcase name="testReimbursementControllerConstructor" classname="com.web.test.MainTest" time="0"/>
  <testcase name="testUserDaoUpdate" classname="com.web.test.MainTest" time="0"/>
  <testcase name="testReimbDaoUpdate" classname="com.web.test.MainTest" time="0"/>
  <testcase name="testManagerSetLastName" classname="com.web.test.MainTest" time="0"/>
  <testcase name="testReimbDaoGetStatus" classname="com.web.test.MainTest" time="0.55"/>
  <testcase name="testUserSetUsername" classname="com.web.test.MainTest" time="0"/>
  <testcase name="testManagerControllerUpdate" classname="com.web.test.MainTest" time="0"/>
  <testcase name="testReimbConstructor" classname="com.web.test.MainTest" time="0"/>
  <testcase name="testManagerControllerfindById" classname="com.web.test.MainTest" time="0"/>
  <testcase name="testReimbursementSetReimbursementTypeId" classname="com.web.test.MainTest" time="0.001"/>
  <testcase name="testManagerSetEmail" classname="com.web.test.MainTest" time="0"/>
  <testcase name="testGetSubmitDate" classname="com.web.test.MainTest" time="0"/>
  <testcase name="testUserDatabaseGetPassword" classname="com.web.test.MainTest" time="0.289"/>
  <testcase name="testUserDaoFindByName" classname="com.web.test.MainTest" time="0"/>
  <testcase name="testReimbControllerToDao" classname="com.web.test.MainTest" time="0.267"/>
  <testcase name="testUserDatabaseFindAll" classname="com.web.test.MainTest" time="0.301"/>
  <testcase name="testDataServlet" classname="com.web.test.MainTest" time="0.007"/>
  <testcase name="testUserSetFirstName" classname="com.web.test.MainTest" time="0"/>
  <testcase name="testGetResolveDate" classname="com.web.test.MainTest" time="0"/>
  <testcase name="testReimbControllerFindById" classname="com.web.test.MainTest" time="0.283"/>
  <testcase name="testManagerSetUsername" classname="com.web.test.MainTest" time="0"/>
  <testcase name="testUserConstructor" classname="com.web.test.MainTest" time="0"/>
  <testcase name="testUserSetUserId" classname="com.web.test.MainTest" time="0"/>
  <testcase name="testReimbDaoFindClosedReimbs" classname="com.web.test.MainTest" time="0.277"/>
  <testcase name="testReimbursementSetReimbursementResolver" classname="com.web.test.MainTest" time="0"/>
  <testcase name="testUserDatabaseGetEmail" classname="com.web.test.MainTest" time="0.259"/>
  <testcase name="testGetReimbursementType" classname="com.web.test.MainTest" time="0.587"/>
  <testcase name="testReimbToString" classname="com.web.test.MainTest" time="0"/>
  <testcase name="testReimbDaoFindOpenReimbs" classname="com.web.test.MainTest" time="0.261"/>
  <testcase name="testUserSetPassword" classname="com.web.test.MainTest" time="0"/>
  <testcase name="testReimbursementSetReimbursementId" classname="com.web.test.MainTest" time="0.001"/>
  <testcase name="testManagerControllerConstructor" classname="com.web.test.MainTest" time="0"/>
  <testcase name="testUserControllerConstructor" classname="com.web.test.MainTest" time="0"/>
  <testcase name="testReimbDataControllerConstructor" classname="com.web.test.MainTest" time="0.001"/>
  <testcase name="testUserDatabaseGetJobTitle" classname="com.web.test.MainTest" time="0.563"/>
  <testcase name="testManagerConstructor" classname="com.web.test.MainTest" time="0"/>
  <testcase name="testUserDatabaseGetFirstName" classname="com.web.test.MainTest" time="0.279"/>
  <testcase name="testGetUserByID" classname="com.web.test.MainTest" time="0.273"/>
  <testcase name="testUserDatabaseGetLastName" classname="com.web.test.MainTest" time="0.305"/>
  <testcase name="testGetReimbursementStatus" classname="com.web.test.MainTest" time="0.55"/>
  <testcase name="testUserDatabaseGetEmployeeId" classname="com.web.test.MainTest" time="0.361"/>
  <testcase name="testUserSetUserRoleId" classname="com.web.test.MainTest" time="0.001"/>
  <testcase name="testManagerSetPassword" classname="com.web.test.MainTest" time="0"/>
  <testcase name="testUserSetEmail" classname="com.web.test.MainTest" time="0"/>
  <testcase name="testReimbDaoFindByName" classname="com.web.test.MainTest" time="0"/>
  <testcase name="testReimbursementSetReimbursementStatusId" classname="com.web.test.MainTest" time="0"/>
  <testcase name="testUserCreation" classname="com.web.test.MainTest" time="0"/>
  <testcase name="testReimbursementSetDesc" classname="com.web.test.MainTest" time="0.001"/>
</testsuite>